<?xml version="1.0" encoding="UTF-8"?>
<!-- Generated by org.testng.reporters.JUnitReportReporter -->
<testsuite hostname="naveen" name="com.seleniumnew.newtest3107.addpayslipsnaveen" tests="3" failures="0" timestamp="1 Aug 2018 10:39:06 GMT" time="24.565" errors="0">
  <testcase name="Generatepayslips" time="6.932" classname="com.seleniumnew.newtest3107.addpayslipsnaveen"/>
  <testcase name="addbankdetails" time="5.584" classname="com.seleniumnew.newtest3107.addpayslipsnaveen"/>
  <testcase name="adddepartment" time="12.049" classname="com.seleniumnew.newtest3107.addpayslipsnaveen"/>
</testsuite> <!-- com.seleniumnew.newtest3107.addpayslipsnaveen -->
