<?xml version="1.0" encoding="UTF-8"?>
<!-- Generated by org.testng.reporters.JUnitReportReporter -->
<testsuite hostname="naveen" name="com.seleniumnew.newtest3107.AppTest" tests="1" failures="0" timestamp="1 Aug 2018 06:20:02 GMT" time="0.031" errors="0">
  <testcase name="testApp" time="0.031" classname="com.seleniumnew.newtest3107.AppTest"/>
</testsuite> <!-- com.seleniumnew.newtest3107.AppTest -->
