<?xml version="1.0" encoding="UTF-8"?>
<!-- Generated by org.testng.reporters.JUnitReportReporter -->
<testsuite hostname="naveen" name="com.seleniumnew.newtest3107.addpayslipsnaveen" tests="3" failures="0" timestamp="1 Aug 2018 09:21:48 GMT" time="10.986" errors="0">
  <testcase name="Generatepayslips" time="3.482" classname="com.seleniumnew.newtest3107.addpayslipsnaveen"/>
  <testcase name="addbankdetails" time="4.264" classname="com.seleniumnew.newtest3107.addpayslipsnaveen"/>
  <testcase name="adddepartment" time="3.240" classname="com.seleniumnew.newtest3107.addpayslipsnaveen"/>
</testsuite> <!-- com.seleniumnew.newtest3107.addpayslipsnaveen -->
